{"level":"info","message":"Hello from Acquisitions!","service":"acquisitions-api"}
{"level":"info","message":"::1 - - [25/Dec/2025:08:34:33 +0000] \"GET / HTTP/1.1\" 304 - \"-\" \"Mozilla/5.0 (Windows NT 10.0; Win64; x64) AppleWebKit/537.36 (KHTML, like Gecko) Chrome/143.0.0.0 Safari/537.36\"","service":"acquisitions-api"}
{"level":"info","message":"Hello from Acquisitions!","service":"acquisitions-api"}
{"level":"info","message":"::1 - - [25/Dec/2025:08:41:59 +0000] \"GET / HTTP/1.1\" 304 - \"-\" \"Mozilla/5.0 (Windows NT 10.0; Win64; x64) AppleWebKit/537.36 (KHTML, like Gecko) Chrome/143.0.0.0 Safari/537.36\"","service":"acquisitions-api"}
{"level":"info","message":"::1 - - [25/Dec/2025:08:42:21 +0000] \"GET /api HTTP/1.1\" 200 42 \"-\" \"Mozilla/5.0 (Windows NT 10.0; Win64; x64) AppleWebKit/537.36 (KHTML, like Gecko) Chrome/143.0.0.0 Safari/537.36\"","service":"acquisitions-api"}
{"level":"info","message":"::1 - - [25/Dec/2025:08:42:25 +0000] \"GET /health HTTP/1.1\" 200 74 \"-\" \"Mozilla/5.0 (Windows NT 10.0; Win64; x64) AppleWebKit/537.36 (KHTML, like Gecko) Chrome/143.0.0.0 Safari/537.36\"","service":"acquisitions-api"}
{"level":"info","message":"Hello from Acquisitions!","service":"acquisitions-api"}
{"level":"info","message":"::1 - - [25/Dec/2025:08:43:14 +0000] \"GET / HTTP/1.1\" 200 24 \"-\" \"HTTPie\"","service":"acquisitions-api"}
{"level":"info","message":"::1 - - [25/Dec/2025:08:43:21 +0000] \"GET /api HTTP/1.1\" 200 42 \"-\" \"HTTPie\"","service":"acquisitions-api"}
{"level":"info","message":"::1 - - [25/Dec/2025:08:43:26 +0000] \"GET /health HTTP/1.1\" 200 74 \"-\" \"HTTPie\"","service":"acquisitions-api"}
{"level":"info","message":"::1 - - [25/Dec/2025:08:43:28 +0000] \"GET /health HTTP/1.1\" 200 75 \"-\" \"HTTPie\"","service":"acquisitions-api"}
{"level":"info","message":"::1 - - [25/Dec/2025:08:43:29 +0000] \"GET /health HTTP/1.1\" 200 75 \"-\" \"HTTPie\"","service":"acquisitions-api"}
{"level":"info","message":"::1 - - [25/Dec/2025:08:43:29 +0000] \"GET /health HTTP/1.1\" 200 75 \"-\" \"HTTPie\"","service":"acquisitions-api"}
{"level":"info","message":"::1 - - [25/Dec/2025:08:43:30 +0000] \"GET /health HTTP/1.1\" 200 75 \"-\" \"HTTPie\"","service":"acquisitions-api"}
{"level":"info","message":"::1 - - [25/Dec/2025:08:43:30 +0000] \"GET /health HTTP/1.1\" 200 75 \"-\" \"HTTPie\"","service":"acquisitions-api"}
{"level":"info","message":"::1 - - [25/Dec/2025:08:43:31 +0000] \"GET /health HTTP/1.1\" 200 75 \"-\" \"HTTPie\"","service":"acquisitions-api"}
{"level":"info","message":"::1 - - [25/Dec/2025:08:43:31 +0000] \"GET /health HTTP/1.1\" 200 75 \"-\" \"HTTPie\"","service":"acquisitions-api"}
{"level":"info","message":"::1 - - [25/Dec/2025:08:43:31 +0000] \"GET /health HTTP/1.1\" 200 75 \"-\" \"HTTPie\"","service":"acquisitions-api"}
{"level":"info","message":"::1 - - [25/Dec/2025:08:43:31 +0000] \"GET /health HTTP/1.1\" 200 75 \"-\" \"HTTPie\"","service":"acquisitions-api"}
{"level":"info","message":"::1 - - [25/Dec/2025:08:43:31 +0000] \"GET /health HTTP/1.1\" 200 75 \"-\" \"HTTPie\"","service":"acquisitions-api"}
{"level":"info","message":"::1 - - [25/Dec/2025:08:43:31 +0000] \"GET /health HTTP/1.1\" 200 75 \"-\" \"HTTPie\"","service":"acquisitions-api"}
{"level":"info","message":"::1 - - [25/Dec/2025:08:43:31 +0000] \"GET /health HTTP/1.1\" 200 75 \"-\" \"HTTPie\"","service":"acquisitions-api"}
{"level":"info","message":"::1 - - [25/Dec/2025:08:43:31 +0000] \"GET /health HTTP/1.1\" 200 75 \"-\" \"HTTPie\"","service":"acquisitions-api"}
{"level":"info","message":"::1 - - [25/Dec/2025:08:43:31 +0000] \"GET /health HTTP/1.1\" 200 75 \"-\" \"HTTPie\"","service":"acquisitions-api"}
{"level":"info","message":"::1 - - [25/Dec/2025:08:43:31 +0000] \"GET /health HTTP/1.1\" 200 75 \"-\" \"HTTPie\"","service":"acquisitions-api"}
{"level":"info","message":"::1 - - [25/Dec/2025:08:43:31 +0000] \"GET /health HTTP/1.1\" 200 75 \"-\" \"HTTPie\"","service":"acquisitions-api"}
{"level":"info","message":"::1 - - [25/Dec/2025:08:43:31 +0000] \"GET /health HTTP/1.1\" 200 75 \"-\" \"HTTPie\"","service":"acquisitions-api"}
{"level":"info","message":"::1 - - [25/Dec/2025:08:43:31 +0000] \"GET /health HTTP/1.1\" 200 75 \"-\" \"HTTPie\"","service":"acquisitions-api"}
{"level":"info","message":"::1 - - [25/Dec/2025:08:43:31 +0000] \"GET /health HTTP/1.1\" 200 75 \"-\" \"HTTPie\"","service":"acquisitions-api"}
{"level":"info","message":"::1 - - [25/Dec/2025:08:43:31 +0000] \"GET /health HTTP/1.1\" 200 75 \"-\" \"HTTPie\"","service":"acquisitions-api"}
{"level":"info","message":"::1 - - [25/Dec/2025:08:43:31 +0000] \"GET /health HTTP/1.1\" 200 75 \"-\" \"HTTPie\"","service":"acquisitions-api"}
{"level":"info","message":"::1 - - [25/Dec/2025:08:43:31 +0000] \"GET /health HTTP/1.1\" 200 75 \"-\" \"HTTPie\"","service":"acquisitions-api"}
{"level":"info","message":"::1 - - [25/Dec/2025:08:43:31 +0000] \"GET /health HTTP/1.1\" 200 75 \"-\" \"HTTPie\"","service":"acquisitions-api"}
{"level":"info","message":"::1 - - [25/Dec/2025:08:43:31 +0000] \"GET /health HTTP/1.1\" 200 75 \"-\" \"HTTPie\"","service":"acquisitions-api"}
{"level":"info","message":"::1 - - [25/Dec/2025:08:43:31 +0000] \"GET /health HTTP/1.1\" 200 75 \"-\" \"HTTPie\"","service":"acquisitions-api"}
{"level":"info","message":"::1 - - [25/Dec/2025:08:43:31 +0000] \"GET /health HTTP/1.1\" 200 75 \"-\" \"HTTPie\"","service":"acquisitions-api"}
{"level":"info","message":"::1 - - [25/Dec/2025:08:43:32 +0000] \"GET /health HTTP/1.1\" 200 75 \"-\" \"HTTPie\"","service":"acquisitions-api"}
{"level":"info","message":"::1 - - [25/Dec/2025:08:43:32 +0000] \"GET /health HTTP/1.1\" 200 75 \"-\" \"HTTPie\"","service":"acquisitions-api"}
{"level":"info","message":"::1 - - [25/Dec/2025:08:43:32 +0000] \"GET /health HTTP/1.1\" 200 75 \"-\" \"HTTPie\"","service":"acquisitions-api"}
{"level":"info","message":"::1 - - [25/Dec/2025:08:43:32 +0000] \"GET /health HTTP/1.1\" 200 75 \"-\" \"HTTPie\"","service":"acquisitions-api"}
{"level":"info","message":"::1 - - [25/Dec/2025:08:43:32 +0000] \"GET /health HTTP/1.1\" 200 75 \"-\" \"HTTPie\"","service":"acquisitions-api"}
{"level":"info","message":"::1 - - [25/Dec/2025:08:43:32 +0000] \"GET /health HTTP/1.1\" 200 75 \"-\" \"HTTPie\"","service":"acquisitions-api"}
{"level":"info","message":"::1 - - [25/Dec/2025:08:43:34 +0000] \"GET /health HTTP/1.1\" 200 75 \"-\" \"HTTPie\"","service":"acquisitions-api"}
{"level":"info","message":"::1 - - [25/Dec/2025:08:43:35 +0000] \"GET /health HTTP/1.1\" 200 75 \"-\" \"HTTPie\"","service":"acquisitions-api"}
{"level":"info","message":"::1 - - [25/Dec/2025:08:43:36 +0000] \"GET /health HTTP/1.1\" 200 75 \"-\" \"HTTPie\"","service":"acquisitions-api"}
{"level":"info","message":"::1 - - [25/Dec/2025:08:43:37 +0000] \"GET /health HTTP/1.1\" 200 75 \"-\" \"HTTPie\"","service":"acquisitions-api"}
{"level":"info","message":"::1 - - [25/Dec/2025:08:43:38 +0000] \"GET /health HTTP/1.1\" 200 75 \"-\" \"HTTPie\"","service":"acquisitions-api"}
{"level":"info","message":"::1 - - [25/Dec/2025:08:43:39 +0000] \"GET /health HTTP/1.1\" 200 75 \"-\" \"HTTPie\"","service":"acquisitions-api"}
{"level":"info","message":"::1 - - [25/Dec/2025:08:43:39 +0000] \"GET /health HTTP/1.1\" 200 75 \"-\" \"HTTPie\"","service":"acquisitions-api"}
{"level":"info","message":"::1 - - [25/Dec/2025:08:43:40 +0000] \"GET /health HTTP/1.1\" 200 75 \"-\" \"HTTPie\"","service":"acquisitions-api"}
{"level":"info","message":"::1 - - [25/Dec/2025:08:43:40 +0000] \"GET /health HTTP/1.1\" 200 75 \"-\" \"HTTPie\"","service":"acquisitions-api"}
{"level":"info","message":"::1 - - [25/Dec/2025:08:43:40 +0000] \"GET /health HTTP/1.1\" 200 75 \"-\" \"HTTPie\"","service":"acquisitions-api"}
{"level":"info","message":"::1 - - [25/Dec/2025:08:43:40 +0000] \"GET /health HTTP/1.1\" 200 75 \"-\" \"HTTPie\"","service":"acquisitions-api"}
{"level":"info","message":"::1 - - [25/Dec/2025:08:43:40 +0000] \"GET /health HTTP/1.1\" 200 75 \"-\" \"HTTPie\"","service":"acquisitions-api"}
{"level":"info","message":"::1 - - [25/Dec/2025:08:43:41 +0000] \"GET /health HTTP/1.1\" 200 75 \"-\" \"HTTPie\"","service":"acquisitions-api"}
{"level":"info","message":"::1 - - [25/Dec/2025:08:43:41 +0000] \"GET /health HTTP/1.1\" 200 75 \"-\" \"HTTPie\"","service":"acquisitions-api"}
{"level":"info","message":"::1 - - [25/Dec/2025:08:43:41 +0000] \"GET /health HTTP/1.1\" 200 75 \"-\" \"HTTPie\"","service":"acquisitions-api"}
{"level":"info","message":"::1 - - [25/Dec/2025:08:43:41 +0000] \"GET /health HTTP/1.1\" 200 75 \"-\" \"HTTPie\"","service":"acquisitions-api"}
{"level":"info","message":"::1 - - [25/Dec/2025:08:43:42 +0000] \"GET /health HTTP/1.1\" 200 75 \"-\" \"HTTPie\"","service":"acquisitions-api"}
{"level":"info","message":"::1 - - [25/Dec/2025:08:43:42 +0000] \"GET /health HTTP/1.1\" 200 75 \"-\" \"HTTPie\"","service":"acquisitions-api"}
{"level":"info","message":"::1 - - [25/Dec/2025:08:43:42 +0000] \"GET /health HTTP/1.1\" 200 75 \"-\" \"HTTPie\"","service":"acquisitions-api"}
{"level":"info","message":"::1 - - [25/Dec/2025:08:43:42 +0000] \"GET /health HTTP/1.1\" 200 75 \"-\" \"HTTPie\"","service":"acquisitions-api"}
{"level":"info","message":"::1 - - [25/Dec/2025:08:43:42 +0000] \"GET /health HTTP/1.1\" 200 75 \"-\" \"HTTPie\"","service":"acquisitions-api"}
{"level":"info","message":"::1 - - [25/Dec/2025:08:43:43 +0000] \"GET /health HTTP/1.1\" 200 75 \"-\" \"HTTPie\"","service":"acquisitions-api"}
{"level":"info","message":"::1 - - [25/Dec/2025:08:43:43 +0000] \"GET /health HTTP/1.1\" 200 75 \"-\" \"HTTPie\"","service":"acquisitions-api"}
{"level":"info","message":"::1 - - [25/Dec/2025:08:43:43 +0000] \"GET /health HTTP/1.1\" 200 75 \"-\" \"HTTPie\"","service":"acquisitions-api"}
{"level":"info","message":"::1 - - [25/Dec/2025:08:43:43 +0000] \"GET /health HTTP/1.1\" 200 75 \"-\" \"HTTPie\"","service":"acquisitions-api"}
{"level":"info","message":"::1 - - [25/Dec/2025:08:43:43 +0000] \"GET /health HTTP/1.1\" 200 75 \"-\" \"HTTPie\"","service":"acquisitions-api"}
{"level":"info","message":"::1 - - [25/Dec/2025:08:43:44 +0000] \"GET /health/ HTTP/1.1\" 200 75 \"-\" \"HTTPie\"","service":"acquisitions-api"}
{"level":"info","message":"::1 - - [25/Dec/2025:08:43:44 +0000] \"GET /health/ HTTP/1.1\" 200 75 \"-\" \"HTTPie\"","service":"acquisitions-api"}
{"level":"info","message":"::1 - - [25/Dec/2025:08:43:44 +0000] \"GET /health/ HTTP/1.1\" 200 75 \"-\" \"HTTPie\"","service":"acquisitions-api"}
{"level":"info","message":"::1 - - [25/Dec/2025:08:43:44 +0000] \"GET /health/ HTTP/1.1\" 200 75 \"-\" \"HTTPie\"","service":"acquisitions-api"}
{"level":"info","message":"::1 - - [25/Dec/2025:08:43:44 +0000] \"GET /health/ HTTP/1.1\" 200 75 \"-\" \"HTTPie\"","service":"acquisitions-api"}
{"level":"info","message":"::1 - - [25/Dec/2025:08:43:44 +0000] \"GET /health/ HTTP/1.1\" 200 75 \"-\" \"HTTPie\"","service":"acquisitions-api"}
{"level":"info","message":"::1 - - [25/Dec/2025:08:43:44 +0000] \"GET /health/ HTTP/1.1\" 200 75 \"-\" \"HTTPie\"","service":"acquisitions-api"}
{"level":"info","message":"::1 - - [25/Dec/2025:08:43:44 +0000] \"GET /health/ HTTP/1.1\" 200 75 \"-\" \"HTTPie\"","service":"acquisitions-api"}
{"level":"info","message":"::1 - - [25/Dec/2025:08:43:45 +0000] \"GET /health/ HTTP/1.1\" 200 75 \"-\" \"HTTPie\"","service":"acquisitions-api"}
{"level":"info","message":"::1 - - [25/Dec/2025:08:43:45 +0000] \"GET /health/ HTTP/1.1\" 200 75 \"-\" \"HTTPie\"","service":"acquisitions-api"}
{"level":"info","message":"::1 - - [25/Dec/2025:08:43:45 +0000] \"GET /health/ HTTP/1.1\" 200 75 \"-\" \"HTTPie\"","service":"acquisitions-api"}
{"level":"info","message":"::1 - - [25/Dec/2025:08:43:45 +0000] \"GET /health/ HTTP/1.1\" 200 75 \"-\" \"HTTPie\"","service":"acquisitions-api"}
{"level":"info","message":"::1 - - [25/Dec/2025:08:43:45 +0000] \"GET /health/ HTTP/1.1\" 200 75 \"-\" \"HTTPie\"","service":"acquisitions-api"}
{"level":"info","message":"::1 - - [25/Dec/2025:08:43:45 +0000] \"GET /health/ HTTP/1.1\" 200 75 \"-\" \"HTTPie\"","service":"acquisitions-api"}
{"level":"info","message":"::1 - - [25/Dec/2025:08:43:45 +0000] \"GET /health/ HTTP/1.1\" 200 75 \"-\" \"HTTPie\"","service":"acquisitions-api"}
{"level":"info","message":"::1 - - [25/Dec/2025:08:43:45 +0000] \"GET /health/ HTTP/1.1\" 200 75 \"-\" \"HTTPie\"","service":"acquisitions-api"}
{"level":"info","message":"::1 - - [25/Dec/2025:08:43:45 +0000] \"GET /health/ HTTP/1.1\" 200 74 \"-\" \"HTTPie\"","service":"acquisitions-api"}
{"level":"info","message":"::1 - - [25/Dec/2025:08:43:46 +0000] \"GET /health/ HTTP/1.1\" 200 75 \"-\" \"HTTPie\"","service":"acquisitions-api"}
{"level":"info","message":"::1 - - [25/Dec/2025:08:43:46 +0000] \"GET /health/ HTTP/1.1\" 200 74 \"-\" \"HTTPie\"","service":"acquisitions-api"}
{"level":"info","message":"::1 - - [25/Dec/2025:08:43:46 +0000] \"GET /health/ HTTP/1.1\" 200 75 \"-\" \"HTTPie\"","service":"acquisitions-api"}
{"level":"info","message":"::1 - - [25/Dec/2025:08:43:46 +0000] \"GET /health/ HTTP/1.1\" 200 75 \"-\" \"HTTPie\"","service":"acquisitions-api"}
{"level":"info","message":"::1 - - [25/Dec/2025:08:43:46 +0000] \"GET /health/ HTTP/1.1\" 200 75 \"-\" \"HTTPie\"","service":"acquisitions-api"}
{"level":"info","message":"::1 - - [25/Dec/2025:08:43:47 +0000] \"GET /health/ HTTP/1.1\" 200 75 \"-\" \"HTTPie\"","service":"acquisitions-api"}
{"level":"info","message":"::1 - - [25/Dec/2025:08:43:47 +0000] \"GET /health/ HTTP/1.1\" 200 75 \"-\" \"HTTPie\"","service":"acquisitions-api"}
{"level":"info","message":"::1 - - [25/Dec/2025:08:43:47 +0000] \"GET /health/ HTTP/1.1\" 200 74 \"-\" \"HTTPie\"","service":"acquisitions-api"}
{"level":"info","message":"::1 - - [25/Dec/2025:08:43:47 +0000] \"GET /health/ HTTP/1.1\" 200 75 \"-\" \"HTTPie\"","service":"acquisitions-api"}
{"level":"info","message":"::1 - - [25/Dec/2025:08:43:48 +0000] \"GET /health/ HTTP/1.1\" 200 74 \"-\" \"HTTPie\"","service":"acquisitions-api"}
{"level":"info","message":"::1 - - [25/Dec/2025:08:43:48 +0000] \"GET /health/ HTTP/1.1\" 200 74 \"-\" \"HTTPie\"","service":"acquisitions-api"}
{"level":"info","message":"::1 - - [25/Dec/2025:08:43:48 +0000] \"GET /health/ HTTP/1.1\" 200 75 \"-\" \"HTTPie\"","service":"acquisitions-api"}
{"level":"info","message":"::1 - - [25/Dec/2025:08:43:49 +0000] \"GET /health/ HTTP/1.1\" 200 75 \"-\" \"HTTPie\"","service":"acquisitions-api"}
{"level":"info","message":"::1 - - [25/Dec/2025:08:43:49 +0000] \"GET /health/ HTTP/1.1\" 200 75 \"-\" \"HTTPie\"","service":"acquisitions-api"}
{"level":"info","message":"::1 - - [25/Dec/2025:08:43:49 +0000] \"GET /health/ HTTP/1.1\" 200 75 \"-\" \"HTTPie\"","service":"acquisitions-api"}
{"level":"info","message":"::1 - - [25/Dec/2025:08:43:50 +0000] \"GET /health/ HTTP/1.1\" 200 75 \"-\" \"HTTPie\"","service":"acquisitions-api"}
{"level":"info","message":"::1 - - [25/Dec/2025:08:43:50 +0000] \"GET /health/ HTTP/1.1\" 200 74 \"-\" \"HTTPie\"","service":"acquisitions-api"}
{"level":"info","message":"::1 - - [25/Dec/2025:08:43:51 +0000] \"GET /health/ HTTP/1.1\" 200 75 \"-\" \"HTTPie\"","service":"acquisitions-api"}
{"level":"info","message":"::1 - - [25/Dec/2025:08:44:15 +0000] \"POST /api/auth/sign-up HTTP/1.1\" 200 31 \"-\" \"HTTPie\"","service":"acquisitions-api"}
{"level":"info","message":"::1 - - [25/Dec/2025:08:44:41 +0000] \"POST /api/auth/sign-up HTTP/1.1\" 200 33 \"-\" \"HTTPie\"","service":"acquisitions-api"}
{"level":"info","message":"::1 - - [25/Dec/2025:08:44:47 +0000] \"POST /api/auth/sign-up HTTP/1.1\" 200 31 \"-\" \"HTTPie\"","service":"acquisitions-api"}
{"level":"info","message":"::1 - - [25/Dec/2025:08:44:53 +0000] \"POST /api/auth/sign-up HTTP/1.1\" 200 33 \"-\" \"HTTPie\"","service":"acquisitions-api"}
{"level":"info","message":"::1 - - [25/Dec/2025:08:44:57 +0000] \"POST /api/auth/sign-up HTTP/1.1\" 200 31 \"-\" \"HTTPie\"","service":"acquisitions-api"}
{"level":"info","message":"::1 - - [25/Dec/2025:08:45:28 +0000] \"POST /api/auth/sign-up HTTP/1.1\" 200 31 \"-\" \"HTTPie\"","service":"acquisitions-api"}
{"level":"info","message":"::1 - - [25/Dec/2025:08:45:28 +0000] \"POST /api/auth/sign-up HTTP/1.1\" 200 31 \"-\" \"HTTPie\"","service":"acquisitions-api"}
{"level":"info","message":"::1 - - [25/Dec/2025:08:45:29 +0000] \"POST /api/auth/sign-up HTTP/1.1\" 200 31 \"-\" \"HTTPie\"","service":"acquisitions-api"}
{"level":"info","message":"::1 - - [25/Dec/2025:08:45:37 +0000] \"POST /api/auth/sign-up HTTP/1.1\" 200 31 \"-\" \"HTTPie\"","service":"acquisitions-api"}
{"level":"info","message":"::1 - - [25/Dec/2025:08:45:42 +0000] \"GET /health HTTP/1.1\" 200 74 \"-\" \"HTTPie\"","service":"acquisitions-api"}
{"level":"info","message":"::1 - - [25/Dec/2025:08:46:04 +0000] \"POST /api/auth/sign-in HTTP/1.1\" 200 31 \"-\" \"HTTPie\"","service":"acquisitions-api"}
{"level":"info","message":"::1 - - [25/Dec/2025:08:46:07 +0000] \"POST /api/auth/sign-in HTTP/1.1\" 200 31 \"-\" \"HTTPie\"","service":"acquisitions-api"}
{"level":"info","message":"::1 - - [25/Dec/2025:11:13:30 +0000] \"POST /api/auth/sign-up HTTP/1.1\" 400 92 \"-\" \"HTTPie\"","service":"acquisitions-api"}
{"level":"info","message":"::1 - - [25/Dec/2025:11:14:28 +0000] \"POST /api/auth/sign-up HTTP/1.1\" 400 92 \"-\" \"HTTPie\"","service":"acquisitions-api"}
{"level":"info","message":"::1 - - [25/Dec/2025:11:14:34 +0000] \"POST /api/auth/sign-up HTTP/1.1\" 400 92 \"-\" \"HTTPie\"","service":"acquisitions-api"}
{"level":"info","message":"::1 - - [25/Dec/2025:11:15:01 +0000] \"POST /api/auth/sign-up HTTP/1.1\" 400 144 \"-\" \"HTTPie\"","service":"acquisitions-api"}
{"level":"info","message":"User registered successfully: tanish03jun@gmail.com","service":"acquisitions-api"}
{"level":"info","message":"::1 - - [25/Dec/2025:11:15:55 +0000] \"POST /api/auth/sign-up HTTP/1.1\" 201 127 \"-\" \"HTTPie\"","service":"acquisitions-api"}
{"level":"error","message":"Error creating the user: Error: Failed query: insert into \"users\" (\"id\", \"name\", \"email\", \"password\", \"role\", \"created_at\", \"updated_at\") values (default, $1, $2, default, $3, default, default) returning \"id\", \"name\", \"email\", \"role\", \"created_at\"\nparams: Tanish,tanish03jun@gmail.com,admin","service":"acquisitions-api"}
{"level":"error","message":"Signup error Error creating the user","service":"acquisitions-api","stack":"Error: Error creating the user\n    at createUser (file:///D:/acquisitions/src/services/auth.service.js:37:9)\n    at process.processTicksAndRejections (node:internal/process/task_queues:105:5)\n    at async signup (file:///D:/acquisitions/src/controllers/auth.controller.js:21:16)"}
{"level":"info","message":"::1 - - [25/Dec/2025:11:42:46 +0000] \"POST /api/auth/sign-up HTTP/1.1\" 500 444 \"-\" \"HTTPie\"","service":"acquisitions-api"}
{"level":"error","message":"Error creating the user: Error: Failed query: insert into \"users\" (\"id\", \"name\", \"email\", \"password\", \"role\", \"created_at\", \"updated_at\") values (default, $1, $2, default, $3, default, default) returning \"id\", \"name\", \"email\", \"role\", \"created_at\"\nparams: Tanish,tanish03jun@gmail.com,admin","service":"acquisitions-api"}
{"level":"error","message":"Signup error Error creating the user","service":"acquisitions-api","stack":"Error: Error creating the user\n    at createUser (file:///D:/acquisitions/src/services/auth.service.js:37:9)\n    at process.processTicksAndRejections (node:internal/process/task_queues:105:5)\n    at async signup (file:///D:/acquisitions/src/controllers/auth.controller.js:21:16)"}
{"level":"info","message":"::1 - - [25/Dec/2025:11:43:30 +0000] \"POST /api/auth/sign-up HTTP/1.1\" 500 444 \"-\" \"HTTPie\"","service":"acquisitions-api"}
{"level":"error","message":"Error creating the user: Error: Failed query: insert into \"users\" (\"id\", \"name\", \"email\", \"password\", \"role\", \"created_at\", \"updated_at\") values (default, $1, $2, default, $3, default, default) returning \"id\", \"name\", \"email\", \"role\", \"created_at\"\nparams: Tanish,tanish03jun@gmail.com,admin","service":"acquisitions-api"}
{"level":"error","message":"Signup error Error creating the user","service":"acquisitions-api","stack":"Error: Error creating the user\n    at createUser (file:///D:/acquisitions/src/services/auth.service.js:37:9)\n    at process.processTicksAndRejections (node:internal/process/task_queues:105:5)\n    at async signup (file:///D:/acquisitions/src/controllers/auth.controller.js:21:16)"}
{"level":"info","message":"::1 - - [25/Dec/2025:11:44:07 +0000] \"POST /api/auth/sign-up HTTP/1.1\" 500 444 \"-\" \"HTTPie\"","service":"acquisitions-api"}
{"level":"error","message":"Error creating the user: Error: Failed query: insert into \"users\" (\"id\", \"name\", \"email\", \"password\", \"role\", \"created_at\", \"updated_at\") values (default, $1, $2, default, $3, default, default) returning \"id\", \"name\", \"email\", \"role\", \"created_at\"\nparams: Tanish,tanish03jun@gmail.com,admin","service":"acquisitions-api"}
{"level":"error","message":"Signup error Error creating the user","service":"acquisitions-api","stack":"Error: Error creating the user\n    at createUser (file:///D:/acquisitions/src/services/auth.service.js:36:9)\n    at process.processTicksAndRejections (node:internal/process/task_queues:105:5)\n    at async signup (file:///D:/acquisitions/src/controllers/auth.controller.js:21:16)"}
{"level":"info","message":"::1 - - [25/Dec/2025:11:44:48 +0000] \"POST /api/auth/sign-up HTTP/1.1\" 500 444 \"-\" \"HTTPie\"","service":"acquisitions-api"}
{"level":"info","message":"User tanish03jun@gmail.com created successfully.","service":"acquisitions-api"}
{"level":"info","message":"User registered successfully: tanish03jun@gmail.com","service":"acquisitions-api"}
{"level":"info","message":"::1 - - [25/Dec/2025:11:45:59 +0000] \"POST /api/auth/sign-up HTTP/1.1\" 201 121 \"-\" \"HTTPie\"","service":"acquisitions-api"}
{"level":"error","message":"Error creating the user: Error: Failed query: insert into \"users\" (\"id\", \"name\", \"email\", \"password\", \"role\", \"created_at\", \"updated_at\") values (default, $1, $2, $3, $4, default, default) returning \"id\", \"name\", \"email\", \"role\", \"created_at\"\nparams: Tanish,tanish03jun@gmail.com,$2b$10$MaMT/4SFnCM7RhMeVDCo0O6DYaCmq2Ng45vdcqSH69mSDuWwgoShW,admin","service":"acquisitions-api"}
{"level":"error","message":"Signup error Error creating the user","service":"acquisitions-api","stack":"Error: Error creating the user\n    at createUser (file:///D:/acquisitions/src/services/auth.service.js:32:9)\n    at process.processTicksAndRejections (node:internal/process/task_queues:105:5)\n    at async signup (file:///D:/acquisitions/src/controllers/auth.controller.js:21:16)"}
{"level":"info","message":"::1 - - [25/Dec/2025:11:46:38 +0000] \"POST /api/auth/sign-up HTTP/1.1\" 500 444 \"-\" \"HTTPie\"","service":"acquisitions-api"}
{"level":"info","message":"User psyphon10@gmail.com created successfully.","service":"acquisitions-api"}
{"level":"info","message":"User registered successfully: psyphon10@gmail.com","service":"acquisitions-api"}
{"level":"info","message":"::1 - - [25/Dec/2025:11:47:14 +0000] \"POST /api/auth/sign-up HTTP/1.1\" 201 119 \"-\" \"HTTPie\"","service":"acquisitions-api"}
{"level":"info","message":"User psyphon10@gmail.com authenticated successfully.","service":"acquisitions-api"}
{"level":"info","message":"User signed in successfully: psyphon10@gmail.com","service":"acquisitions-api"}
{"level":"info","message":"::1 - - [25/Dec/2025:15:58:33 +0000] \"POST /api/auth/sign-in HTTP/1.1\" 200 118 \"-\" \"HTTPie\"","service":"acquisitions-api"}
{"level":"info","message":"User signed out successfully","service":"acquisitions-api"}
{"level":"info","message":"::1 - - [25/Dec/2025:15:58:53 +0000] \"POST /api/auth/sign-out HTTP/1.1\" 200 42 \"-\" \"HTTPie\"","service":"acquisitions-api"}
{"level":"info","message":"User psyphon10@gmail.com authenticated successfully.","service":"acquisitions-api"}
{"level":"info","message":"User signed in successfully: psyphon10@gmail.com","service":"acquisitions-api"}
{"level":"info","message":"::1 - - [25/Dec/2025:15:59:00 +0000] \"POST /api/auth/sign-in HTTP/1.1\" 200 118 \"-\" \"HTTPie\"","service":"acquisitions-api"}
{"level":"info","message":"::1 - - [25/Dec/2025:16:49:05 +0000] \"GET /health HTTP/1.1\" 200 73 \"-\" \"HTTPie\"","service":"acquisitions-api"}
